0+2+0+2+6.CRT-like_10.hmm-1.hmm
0+2+1+2+5.CRT-like_10.hmm-1.hmm
0+2+2+2+4.CRT-like_10.hmm-1.hmm
0+2+3+2+3.CRT-like_10.hmm-1.hmm
0+2+4+2+2.CRT-like_10.hmm-1.hmm
0+2+5+2+1.CRT-like_10.hmm-1.hmm
0+2+6+2+0.CRT-like_10.hmm-1.hmm
0+3+0+3+4.CRT-like_10.hmm-1.hmm
0+3+1+3+3.CRT-like_10.hmm-1.hmm
0+3+2+3+2.CRT-like_10.hmm-1.hmm
0+3+3+3+1.CRT-like_10.hmm-1.hmm
0+3+4+3+0.CRT-like_10.hmm-1.hmm
0+4+0+4+2.CRT-like_10.hmm-1.hmm
0+4+1+4+1.CRT-like_10.hmm-1.hmm
0+4+2+4+0.CRT-like_10.hmm-1.hmm
0+5+0+5+0.CRT-like_10.hmm-1.hmm
1+2+0+2+5.CRT-like_10.hmm-1.hmm
1+2+1+2+4.CRT-like_10.hmm-1.hmm
1+2+2+2+3.CRT-like_10.hmm-1.hmm
1+2+3+2+2.CRT-like_10.hmm-1.hmm
1+2+4+2+1.CRT-like_10.hmm-1.hmm
1+2+5+2+0.CRT-like_10.hmm-1.hmm
1+3+0+3+3.CRT-like_10.hmm-1.hmm
1+3+1+3+2.CRT-like_10.hmm-1.hmm
1+3+2+3+1.CRT-like_10.hmm-1.hmm
1+3+3+3+0.CRT-like_10.hmm-1.hmm
1+4+0+4+1.CRT-like_10.hmm-1.hmm
1+4+1+4+0.CRT-like_10.hmm-1.hmm
2+2+0+2+4.CRT-like_10.hmm-1.hmm
2+2+1+2+3.CRT-like_10.hmm-1.hmm
2+2+2+2+2.CRT-like_10.hmm-1.hmm
2+2+3+2+1.CRT-like_10.hmm-1.hmm
2+2+4+2+0.CRT-like_10.hmm-1.hmm
2+3+0+3+2.CRT-like_10.hmm-1.hmm
2+3+1+3+1.CRT-like_10.hmm-1.hmm
2+3+2+3+0.CRT-like_10.hmm-1.hmm
2+4+0+4+0.CRT-like_10.hmm-1.hmm
temp                 -            107 temp                 -            249   7.5e-10   25.5   1.0   1   2   7.5e-10   7.5e-10   25.5   1.0    87   107     1    21     1    21 0.97 -
temp                 -            107 temp                 -            249   7.5e-10   25.5   1.0   2   2      0.18      0.18   -1.4   0.7    41    48   145   152   107   211 0.66 -
3+2+0+2+3.CRT-like_10.hmm-1.hmm
3+2+1+2+2.CRT-like_10.hmm-1.hmm
3+2+2+2+1.CRT-like_10.hmm-1.hmm
3+2+3+2+0.CRT-like_10.hmm-1.hmm
3+3+0+3+1.CRT-like_10.hmm-1.hmm
temp                 -             79 temp                 -            249   4.3e-10   26.4   1.0   1   3   4.3e-10   4.3e-10   26.4   1.0    59    79     1    21     1    21 0.97 -
temp                 -             79 temp                 -            249   4.3e-10   26.4   1.0   2   3      0.24      0.24   -1.4   0.3    34    34   128   128   104   159 0.55 -
temp                 -             79 temp                 -            249   4.3e-10   26.4   1.0   3   3      0.23      0.23   -1.3   0.1    15    15   164   164   138   217 0.63 -
3+3+1+3+0.CRT-like_10.hmm-1.hmm
temp                 -             79 temp                 -            249   4.3e-10   26.4   1.0   1   3   4.3e-10   4.3e-10   26.4   1.0    59    79     1    21     1    21 0.97 -
temp                 -             79 temp                 -            249   4.3e-10   26.4   1.0   2   3      0.24      0.24   -1.4   0.3    34    34   128   128   104   159 0.55 -
temp                 -             79 temp                 -            249   4.3e-10   26.4   1.0   3   3      0.23      0.23   -1.3   0.1    15    15   164   164   138   217 0.63 -
4+2+0+2+2.CRT-like_10.hmm-1.hmm
temp                 -             52 temp                 -            249   1.4e-10   27.6   1.0   1   2   1.4e-10   1.4e-10   27.6   1.0    32    52     1    21     1    21 0.97 -
temp                 -             52 temp                 -            249   1.4e-10   27.6   1.0   2   2         1         1   -3.3   0.1    33    42   112   121   110   130 0.61 -
4+2+1+2+1.CRT-like_10.hmm-1.hmm
temp                 -             52 temp                 -            249   1.4e-10   27.6   1.0   1   2   1.4e-10   1.4e-10   27.6   1.0    32    52     1    21     1    21 0.97 -
temp                 -             52 temp                 -            249   1.4e-10   27.6   1.0   2   2         1         1   -3.3   0.1    33    42   112   121   110   130 0.61 -
4+2+2+2+0.CRT-like_10.hmm-1.hmm
temp                 -             52 temp                 -            249   1.4e-10   27.6   1.0   1   2   1.4e-10   1.4e-10   27.6   1.0    32    52     1    21     1    21 0.97 -
temp                 -             52 temp                 -            249   1.4e-10   27.6   1.0   2   2         1         1   -3.3   0.1    33    42   112   121   110   130 0.61 -
4+3+0+3+0.CRT-like_10.hmm-1.hmm
temp                 -             86 temp                 -            249   6.8e-33   98.6   4.0   1   1   1.9e-32   1.9e-32   97.2   4.0    32    86     1    55     1    55 0.99 -
5+2+0+2+1.CRT-like_10.hmm-1.hmm
temp                 -             55 temp                 -            249   1.5e-33   98.5   4.0   1   2   1.5e-33   1.5e-33   98.5   4.0     1    55     1    55     1    55 0.99 -
temp                 -             55 temp                 -            249   1.5e-33   98.5   4.0   2   2       0.7       0.7   -2.6   0.1     2    12   112   122   109   137 0.55 -
5+2+1+2+0.CRT-like_10.hmm-1.hmm
temp                 -             55 temp                 -            249   1.5e-33   98.5   4.0   1   2   1.5e-33   1.5e-33   98.5   4.0     1    55     1    55     1    55 0.99 -
temp                 -             55 temp                 -            249   1.5e-33   98.5   4.0   2   2       0.7       0.7   -2.6   0.1     2    12   112   122   109   137 0.55 -
6+2+0+2+0.CRT-like_10.hmm-1.hmm
temp                 -             90 temp                 -            249     2e-63  196.9   2.5   1   1   3.7e-63   3.7e-63  196.0   2.5     1    90    35   124    35   124 0.99 -
0+2+0+2+6.EamA_10.hmm-1.hmm
0+2+1+2+5.EamA_10.hmm-1.hmm
0+2+2+2+4.EamA_10.hmm-1.hmm
0+2+3+2+3.EamA_10.hmm-1.hmm
0+2+4+2+2.EamA_10.hmm-1.hmm
0+2+5+2+1.EamA_10.hmm-1.hmm
0+2+6+2+0.EamA_10.hmm-1.hmm
0+3+0+3+4.EamA_10.hmm-1.hmm
0+3+1+3+3.EamA_10.hmm-1.hmm
0+3+2+3+2.EamA_10.hmm-1.hmm
0+3+3+3+1.EamA_10.hmm-1.hmm
0+3+4+3+0.EamA_10.hmm-1.hmm
0+4+0+4+2.EamA_10.hmm-1.hmm
0+4+1+4+1.EamA_10.hmm-1.hmm
0+4+2+4+0.EamA_10.hmm-1.hmm
0+5+0+5+0.EamA_10.hmm-1.hmm
temp                 -            149 temp                 -            206   2.3e-07   17.7  14.1   1   1   3.2e-07   3.2e-07   17.2  14.1     4   145     4   145     2   149 0.79 -
1+2+0+2+5.EamA_10.hmm-1.hmm
1+2+1+2+4.EamA_10.hmm-1.hmm
1+2+2+2+3.EamA_10.hmm-1.hmm
1+2+3+2+2.EamA_10.hmm-1.hmm
1+2+4+2+1.EamA_10.hmm-1.hmm
1+2+5+2+0.EamA_10.hmm-1.hmm
1+3+0+3+3.EamA_10.hmm-1.hmm
1+3+1+3+2.EamA_10.hmm-1.hmm
1+3+2+3+1.EamA_10.hmm-1.hmm
1+3+3+3+0.EamA_10.hmm-1.hmm
1+4+0+4+1.EamA_10.hmm-1.hmm
temp                 -            116 temp                 -            206   1.1e-07   19.0   7.1   1   1     2e-07     2e-07   18.2   7.1     9   112    43   145    35   149 0.81 -
1+4+1+4+0.EamA_10.hmm-1.hmm
temp                 -            116 temp                 -            206   1.1e-07   19.0   7.1   1   1     2e-07     2e-07   18.2   7.1     9   112    43   145    35   149 0.81 -
2+2+0+2+4.EamA_10.hmm-1.hmm
2+2+1+2+3.EamA_10.hmm-1.hmm
2+2+2+2+2.EamA_10.hmm-1.hmm
2+2+3+2+1.EamA_10.hmm-1.hmm
2+2+4+2+0.EamA_10.hmm-1.hmm
2+3+0+3+2.EamA_10.hmm-1.hmm
temp                 -             82 temp                 -            206   6.5e-08   19.8   3.1   1   2      0.37      0.37   -1.5   0.2    61    61    36    36     5    56 0.49 -
temp                 -             82 temp                 -            206   6.5e-08   19.8   3.1   2   2   6.5e-08   6.5e-08   19.8   3.1     6    78    73   145    67   149 0.91 -
2+3+1+3+1.EamA_10.hmm-1.hmm
temp                 -             82 temp                 -            206   6.5e-08   19.8   3.1   1   2      0.37      0.37   -1.5   0.2    61    61    36    36     5    56 0.49 -
temp                 -             82 temp                 -            206   6.5e-08   19.8   3.1   2   2   6.5e-08   6.5e-08   19.8   3.1     6    78    73   145    67   149 0.91 -
2+3+2+3+0.EamA_10.hmm-1.hmm
temp                 -             82 temp                 -            206   6.5e-08   19.8   3.1   1   2      0.37      0.37   -1.5   0.2    61    61    36    36     5    56 0.49 -
temp                 -             82 temp                 -            206   6.5e-08   19.8   3.1   2   2   6.5e-08   6.5e-08   19.8   3.1     6    78    73   145    67   149 0.91 -
2+4+0+4+0.EamA_10.hmm-1.hmm
temp                 -            112 temp                 -            206     8e-14   38.6  20.2   1   3   1.4e-09   1.4e-09   24.9   6.2    92   112     1    21     1    21 0.98 -
temp                 -            112 temp                 -            206     8e-14   38.6  20.2   2   3     0.042     0.042    0.9   0.2    66   104    41    76    30    78 0.71 -
temp                 -            112 temp                 -            206     8e-14   38.6  20.2   3   3     3e-08     3e-08   20.6   3.5     6    92    73   159    63   172 0.86 -
3+2+0+2+3.EamA_10.hmm-1.hmm
temp                 -             51 temp                 -            206     7e-07   16.4   0.5   1   3      0.27      0.27   -0.7   0.4    32    39    38    45     7    56 0.46 -
temp                 -             51 temp                 -            206     7e-07   16.4   0.5   2   3         1         1   -2.5   0.0    11    23    78    90    70    97 0.66 -
temp                 -             51 temp                 -            206     7e-07   16.4   0.5   3   3     7e-07     7e-07   16.4   0.5     4    47   102   145    99   149 0.90 -
3+2+1+2+2.EamA_10.hmm-1.hmm
temp                 -             51 temp                 -            206     7e-07   16.4   0.5   1   3      0.27      0.27   -0.7   0.4    32    39    38    45     7    56 0.46 -
temp                 -             51 temp                 -            206     7e-07   16.4   0.5   2   3         1         1   -2.5   0.0    11    23    78    90    70    97 0.66 -
temp                 -             51 temp                 -            206     7e-07   16.4   0.5   3   3     7e-07     7e-07   16.4   0.5     4    47   102   145    99   149 0.90 -
3+2+2+2+1.EamA_10.hmm-1.hmm
temp                 -             51 temp                 -            206     7e-07   16.4   0.5   1   3      0.27      0.27   -0.7   0.4    32    39    38    45     7    56 0.46 -
temp                 -             51 temp                 -            206     7e-07   16.4   0.5   2   3         1         1   -2.5   0.0    11    23    78    90    70    97 0.66 -
temp                 -             51 temp                 -            206     7e-07   16.4   0.5   3   3     7e-07     7e-07   16.4   0.5     4    47   102   145    99   149 0.90 -
3+2+3+2+0.EamA_10.hmm-1.hmm
temp                 -             51 temp                 -            206     7e-07   16.4   0.5   1   3      0.27      0.27   -0.7   0.4    32    39    38    45     7    56 0.46 -
temp                 -             51 temp                 -            206     7e-07   16.4   0.5   2   3         1         1   -2.5   0.0    11    23    78    90    70    97 0.66 -
temp                 -             51 temp                 -            206     7e-07   16.4   0.5   3   3     7e-07     7e-07   16.4   0.5     4    47   102   145    99   149 0.90 -
3+3+0+3+1.EamA_10.hmm-1.hmm
temp                 -             81 temp                 -            206   2.6e-13   36.6  19.9   1   3   6.5e-10   6.5e-10   25.8   6.2    61    81     1    21     1    21 0.98 -
temp                 -             81 temp                 -            206   2.6e-13   36.6  19.9   2   3     0.014     0.014    2.5   0.6    34    73    40    76    26    89 0.74 -
temp                 -             81 temp                 -            206   2.6e-13   36.6  19.9   3   3   3.3e-07   3.3e-07   17.2   0.5     4    62   102   160    99   176 0.83 -
3+3+1+3+0.EamA_10.hmm-1.hmm
temp                 -             81 temp                 -            206   2.6e-13   36.6  19.9   1   3   6.5e-10   6.5e-10   25.8   6.2    61    81     1    21     1    21 0.98 -
temp                 -             81 temp                 -            206   2.6e-13   36.6  19.9   2   3     0.014     0.014    2.5   0.6    34    73    40    76    26    89 0.74 -
temp                 -             81 temp                 -            206   2.6e-13   36.6  19.9   3   3   3.3e-07   3.3e-07   17.2   0.5     4    62   102   160    99   176 0.83 -
4+2+0+2+2.EamA_10.hmm-1.hmm
temp                 -             51 temp                 -            206   1.8e-10   27.1   6.2   1   3   1.8e-10   1.8e-10   27.1   6.2    31    51     1    21     1    21 0.98 -
temp                 -             51 temp                 -            206   1.8e-10   27.1   6.2   2   3      0.01      0.01    3.1   0.6     6    43    42    76    37    87 0.73 -
temp                 -             51 temp                 -            206   1.8e-10   27.1   6.2   3   3    0.0092    0.0092    3.2   0.3     2    29   130   157   129   174 0.72 -
4+2+1+2+1.EamA_10.hmm-1.hmm
temp                 -             51 temp                 -            206   1.8e-10   27.1   6.2   1   3   1.8e-10   1.8e-10   27.1   6.2    31    51     1    21     1    21 0.98 -
temp                 -             51 temp                 -            206   1.8e-10   27.1   6.2   2   3      0.01      0.01    3.1   0.6     6    43    42    76    37    87 0.73 -
temp                 -             51 temp                 -            206   1.8e-10   27.1   6.2   3   3    0.0092    0.0092    3.2   0.3     2    29   130   157   129   174 0.72 -
4+2+2+2+0.EamA_10.hmm-1.hmm
temp                 -             51 temp                 -            206   1.8e-10   27.1   6.2   1   3   1.8e-10   1.8e-10   27.1   6.2    31    51     1    21     1    21 0.98 -
temp                 -             51 temp                 -            206   1.8e-10   27.1   6.2   2   3      0.01      0.01    3.1   0.6     6    43    42    76    37    87 0.73 -
temp                 -             51 temp                 -            206   1.8e-10   27.1   6.2   3   3    0.0092    0.0092    3.2   0.3     2    29   130   157   129   174 0.72 -
4+3+0+3+0.EamA_10.hmm-1.hmm
temp                 -             84 temp                 -            206   3.8e-32   96.5   8.2   1   3   3.8e-32   3.8e-32   96.5   8.2    31    84     1    54     1    54 0.99 -
temp                 -             84 temp                 -            206   3.8e-32   96.5   8.2   2   3      0.26      0.26   -1.6   0.4    31    44    64    77    59   116 0.67 -
temp                 -             84 temp                 -            206   3.8e-32   96.5   8.2   3   3     0.015     0.015    2.3   0.0     2    29   130   157   128   187 0.76 -
5+2+0+2+1.EamA_10.hmm-1.hmm
temp                 -             54 temp                 -            206   6.4e-33   97.8   8.2   1   3   6.4e-33   6.4e-33   97.8   8.2     1    54     1    54     1    54 0.99 -
temp                 -             54 temp                 -            206   6.4e-33   97.8   8.2   2   3      0.37      0.37   -1.3   0.1    17    17    81    81    64   122 0.62 -
temp                 -             54 temp                 -            206   6.4e-33   97.8   8.2   3   3      0.46      0.46   -1.6   0.1     3    11   132   140   127   161 0.60 -
5+2+1+2+0.EamA_10.hmm-1.hmm
temp                 -             54 temp                 -            206   6.4e-33   97.8   8.2   1   3   6.4e-33   6.4e-33   97.8   8.2     1    54     1    54     1    54 0.99 -
temp                 -             54 temp                 -            206   6.4e-33   97.8   8.2   2   3      0.37      0.37   -1.3   0.1    17    17    81    81    64   122 0.62 -
temp                 -             54 temp                 -            206   6.4e-33   97.8   8.2   3   3      0.46      0.46   -1.6   0.1     3    11   132   140   127   161 0.60 -
6+2+0+2+0.EamA_10.hmm-1.hmm
temp                 -             57 temp                 -            206   1.8e-35  105.5   5.8   1   3      0.74      0.74   -2.7   0.2    36    43     6    13     1    19 0.49 -
temp                 -             57 temp                 -            206   1.8e-35  105.5   5.8   2   3   1.8e-35   1.8e-35  105.5   5.8     1    57    34    90    34    90 0.99 -
temp                 -             57 temp                 -            206   1.8e-35  105.5   5.8   3   3      0.36      0.36   -1.7   0.3    43    43   126   126    99   144 0.53 -
0+2+0+2+3.EamA_7.hmm-1.hmm
0+2+1+2+2.EamA_7.hmm-1.hmm
0+2+2+2+1.EamA_7.hmm-1.hmm
0+2+3+2+0.EamA_7.hmm-1.hmm
0+3+0+3+1.EamA_7.hmm-1.hmm
0+3+1+3+0.EamA_7.hmm-1.hmm
1+2+0+2+2.EamA_7.hmm-1.hmm
1+2+1+2+1.EamA_7.hmm-1.hmm
1+2+2+2+0.EamA_7.hmm-1.hmm
1+3+0+3+0.EamA_7.hmm-1.hmm
temp                 -             88 temp                 -            135   1.2e-11   31.1   0.9   1   2   1.8e-11   1.8e-11   30.5   0.2    68    88     1    21     1    21 0.98 -
temp                 -             88 temp                 -            135   1.2e-11   31.1   0.9   2   2      0.53      0.53   -3.1   0.0    15    22   110   117   101   127 0.62 -
2+2+0+2+1.EamA_7.hmm-1.hmm
temp                 -             50 temp                 -            135   1.9e-12   33.5   0.2   1   1     5e-12     5e-12   32.1   0.2    30    50     1    21     1    21 0.98 -
2+2+1+2+0.EamA_7.hmm-1.hmm
temp                 -             50 temp                 -            135   1.9e-12   33.5   0.2   1   1     5e-12     5e-12   32.1   0.2    30    50     1    21     1    21 0.98 -
3+2+0+2+0.EamA_7.hmm-1.hmm
temp                 -             95 temp                 -            135   9.8e-67  207.8   1.2   1   1   1.3e-66   1.3e-66  207.5   1.2     1    95     1    95     1    95 0.99 -
0+2+0+2+5.Mg_trans_NIPA_9.hmm-1.hmm
0+2+1+2+4.Mg_trans_NIPA_9.hmm-1.hmm
0+2+2+2+3.Mg_trans_NIPA_9.hmm-1.hmm
0+2+3+2+2.Mg_trans_NIPA_9.hmm-1.hmm
0+2+4+2+1.Mg_trans_NIPA_9.hmm-1.hmm
0+2+5+2+0.Mg_trans_NIPA_9.hmm-1.hmm
0+3+0+3+3.Mg_trans_NIPA_9.hmm-1.hmm
0+3+1+3+2.Mg_trans_NIPA_9.hmm-1.hmm
0+3+2+3+1.Mg_trans_NIPA_9.hmm-1.hmm
0+3+3+3+0.Mg_trans_NIPA_9.hmm-1.hmm
0+4+0+4+1.Mg_trans_NIPA_9.hmm-1.hmm
0+4+1+4+0.Mg_trans_NIPA_9.hmm-1.hmm
1+2+0+2+4.Mg_trans_NIPA_9.hmm-1.hmm
1+2+1+2+3.Mg_trans_NIPA_9.hmm-1.hmm
1+2+2+2+2.Mg_trans_NIPA_9.hmm-1.hmm
1+2+3+2+1.Mg_trans_NIPA_9.hmm-1.hmm
1+2+4+2+0.Mg_trans_NIPA_9.hmm-1.hmm
1+3+0+3+2.Mg_trans_NIPA_9.hmm-1.hmm
1+3+1+3+1.Mg_trans_NIPA_9.hmm-1.hmm
1+3+2+3+0.Mg_trans_NIPA_9.hmm-1.hmm
1+4+0+4+0.Mg_trans_NIPA_9.hmm-1.hmm
temp                 -            115 temp                 -            131   4.2e-09   23.2   5.4   1   2   4.2e-09   4.2e-09   23.2   5.4    95   115     1    21     1    21 0.98 -
temp                 -            115 temp                 -            131   4.2e-09   23.2   5.4   2   2       0.1       0.1   -0.5   0.4    98   110    68    80    26    85 0.53 -
2+2+0+2+3.Mg_trans_NIPA_9.hmm-1.hmm
2+2+1+2+2.Mg_trans_NIPA_9.hmm-1.hmm
2+2+2+2+1.Mg_trans_NIPA_9.hmm-1.hmm
2+2+3+2+0.Mg_trans_NIPA_9.hmm-1.hmm
2+3+0+3+1.Mg_trans_NIPA_9.hmm-1.hmm
temp                 -             88 temp                 -            131   2.5e-09   24.0   5.4   1   2   2.5e-09   2.5e-09   24.0   5.4    68    88     1    21     1    21 0.98 -
temp                 -             88 temp                 -            131   2.5e-09   24.0   5.4   2   2     0.093     0.093   -0.1   0.7    70    83    67    80    25    85 0.53 -
2+3+1+3+0.Mg_trans_NIPA_9.hmm-1.hmm
temp                 -             88 temp                 -            131   2.5e-09   24.0   5.4   1   2   2.5e-09   2.5e-09   24.0   5.4    68    88     1    21     1    21 0.98 -
temp                 -             88 temp                 -            131   2.5e-09   24.0   5.4   2   2     0.093     0.093   -0.1   0.7    70    83    67    80    25    85 0.53 -
3+2+0+2+2.Mg_trans_NIPA_9.hmm-1.hmm
temp                 -             59 temp                 -            131   8.1e-10   25.2   5.4   1   3   8.1e-10   8.1e-10   25.2   5.4    39    59     1    21     1    21 0.98 -
temp                 -             59 temp                 -            131   8.1e-10   25.2   5.4   2   3     0.078     0.078    0.1   0.7    43    55    69    81    33    85 0.67 -
temp                 -             59 temp                 -            131   8.1e-10   25.2   5.4   3   3     0.079     0.079    0.1   0.8    44    56    70    82    55   120 0.74 -
3+2+1+2+1.Mg_trans_NIPA_9.hmm-1.hmm
temp                 -             59 temp                 -            131   8.1e-10   25.2   5.4   1   3   8.1e-10   8.1e-10   25.2   5.4    39    59     1    21     1    21 0.98 -
temp                 -             59 temp                 -            131   8.1e-10   25.2   5.4   2   3     0.078     0.078    0.1   0.7    43    55    69    81    33    85 0.67 -
temp                 -             59 temp                 -            131   8.1e-10   25.2   5.4   3   3     0.079     0.079    0.1   0.8    44    56    70    82    55   120 0.74 -
3+2+2+2+0.Mg_trans_NIPA_9.hmm-1.hmm
temp                 -             59 temp                 -            131   8.1e-10   25.2   5.4   1   3   8.1e-10   8.1e-10   25.2   5.4    39    59     1    21     1    21 0.98 -
temp                 -             59 temp                 -            131   8.1e-10   25.2   5.4   2   3     0.078     0.078    0.1   0.7    43    55    69    81    33    85 0.67 -
temp                 -             59 temp                 -            131   8.1e-10   25.2   5.4   3   3     0.079     0.079    0.1   0.8    44    56    70    82    55   120 0.74 -
3+3+0+3+0.Mg_trans_NIPA_9.hmm-1.hmm
temp                 -             88 temp                 -            131   3.8e-31   93.2   2.9   1   3   3.8e-31   3.8e-31   93.2   2.9    39    88     1    50     1    50 0.99 -
temp                 -             88 temp                 -            131   3.8e-31   93.2   2.9   2   3      0.11      0.11   -0.7   0.4    43    57    69    83    58   101 0.77 -
temp                 -             88 temp                 -            131   3.8e-31   93.2   2.9   3   3      0.15      0.15   -1.2   1.0    49    57    75    83    69   127 0.60 -
4+2+0+2+1.Mg_trans_NIPA_9.hmm-1.hmm
temp                 -             50 temp                 -            131     2e-32   94.8   2.9   1   3     2e-32     2e-32   94.8   2.9     1    50     1    50     1    50 0.99 -
temp                 -             50 temp                 -            131     2e-32   94.8   2.9   2   3     0.067     0.067    0.5   0.1     5    19    69    83    64    94 0.77 -
temp                 -             50 temp                 -            131     2e-32   94.8   2.9   3   3      0.73      0.73   -2.7   0.0     9     9   108   108    95   123 0.59 -
4+2+1+2+0.Mg_trans_NIPA_9.hmm-1.hmm
temp                 -             50 temp                 -            131     2e-32   94.8   2.9   1   3     2e-32     2e-32   94.8   2.9     1    50     1    50     1    50 0.99 -
temp                 -             50 temp                 -            131     2e-32   94.8   2.9   2   3     0.067     0.067    0.5   0.1     5    19    69    83    64    94 0.77 -
temp                 -             50 temp                 -            131     2e-32   94.8   2.9   3   3      0.73      0.73   -2.7   0.0     9     9   108   108    95   123 0.59 -
5+2+0+2+0.Mg_trans_NIPA_9.hmm-1.hmm
temp                 -             59 temp                 -            131   4.6e-37  109.9   5.1   1   3      0.29      0.29   -1.3   0.7    41    53     6    18     3    22 0.71 -
temp                 -             59 temp                 -            131   4.6e-37  109.9   5.1   2   3   4.6e-37   4.6e-37  109.9   5.1     1    59    30    88    30    88 0.99 -
temp                 -             59 temp                 -            131   4.6e-37  109.9   5.1   3   3     0.024     0.024    2.0   0.1    36    53   100   117    91   122 0.81 -
0+2+0+2+6.PUNUT_10.hmm-1.hmm
0+2+1+2+5.PUNUT_10.hmm-1.hmm
0+2+2+2+4.PUNUT_10.hmm-1.hmm
0+2+3+2+3.PUNUT_10.hmm-1.hmm
0+2+4+2+2.PUNUT_10.hmm-1.hmm
0+2+5+2+1.PUNUT_10.hmm-1.hmm
0+2+6+2+0.PUNUT_10.hmm-1.hmm
0+3+0+3+4.PUNUT_10.hmm-1.hmm
0+3+1+3+3.PUNUT_10.hmm-1.hmm
0+3+2+3+2.PUNUT_10.hmm-1.hmm
0+3+3+3+1.PUNUT_10.hmm-1.hmm
0+3+4+3+0.PUNUT_10.hmm-1.hmm
0+4+0+4+2.PUNUT_10.hmm-1.hmm
0+4+1+4+1.PUNUT_10.hmm-1.hmm
0+4+2+4+0.PUNUT_10.hmm-1.hmm
0+5+0+5+0.PUNUT_10.hmm-1.hmm
1+2+0+2+5.PUNUT_10.hmm-1.hmm
1+2+1+2+4.PUNUT_10.hmm-1.hmm
1+2+2+2+3.PUNUT_10.hmm-1.hmm
1+2+3+2+2.PUNUT_10.hmm-1.hmm
1+2+4+2+1.PUNUT_10.hmm-1.hmm
1+2+5+2+0.PUNUT_10.hmm-1.hmm
1+3+0+3+3.PUNUT_10.hmm-1.hmm
1+3+1+3+2.PUNUT_10.hmm-1.hmm
1+3+2+3+1.PUNUT_10.hmm-1.hmm
1+3+3+3+0.PUNUT_10.hmm-1.hmm
1+4+0+4+1.PUNUT_10.hmm-1.hmm
1+4+1+4+0.PUNUT_10.hmm-1.hmm
2+2+0+2+4.PUNUT_10.hmm-1.hmm
2+2+1+2+3.PUNUT_10.hmm-1.hmm
2+2+2+2+2.PUNUT_10.hmm-1.hmm
2+2+3+2+1.PUNUT_10.hmm-1.hmm
2+2+4+2+0.PUNUT_10.hmm-1.hmm
2+3+0+3+2.PUNUT_10.hmm-1.hmm
2+3+1+3+1.PUNUT_10.hmm-1.hmm
2+3+2+3+0.PUNUT_10.hmm-1.hmm
2+4+0+4+0.PUNUT_10.hmm-1.hmm
temp                 -            113 temp                 -            184   1.5e-10   27.6   1.4   1   2   1.5e-10   1.5e-10   27.6   1.4    93   113     1    21     1    21 0.97 -
temp                 -            113 temp                 -            184   1.5e-10   27.6   1.4   2   2     0.082     0.082   -0.5   0.1    34    53   109   128    80   175 0.58 -
3+2+0+2+3.PUNUT_10.hmm-1.hmm
3+2+1+2+2.PUNUT_10.hmm-1.hmm
3+2+2+2+1.PUNUT_10.hmm-1.hmm
3+2+3+2+0.PUNUT_10.hmm-1.hmm
3+3+0+3+1.PUNUT_10.hmm-1.hmm
temp                 -             85 temp                 -            184   7.3e-11   28.5   1.4   1   2   7.3e-11   7.3e-11   28.5   1.4    65    85     1    21     1    21 0.97 -
temp                 -             85 temp                 -            184   7.3e-11   28.5   1.4   2   2      0.24      0.24   -1.8   0.1    25    39   114   128    99   134 0.65 -
3+3+1+3+0.PUNUT_10.hmm-1.hmm
temp                 -             85 temp                 -            184   7.3e-11   28.5   1.4   1   2   7.3e-11   7.3e-11   28.5   1.4    65    85     1    21     1    21 0.97 -
temp                 -             85 temp                 -            184   7.3e-11   28.5   1.4   2   2      0.24      0.24   -1.8   0.1    25    39   114   128    99   134 0.65 -
4+2+0+2+2.PUNUT_10.hmm-1.hmm
temp                 -             55 temp                 -            184   1.7e-11   30.3   3.1   1   2   2.7e-11   2.7e-11   29.7   1.4    35    55     1    21     1    21 0.97 -
temp                 -             55 temp                 -            184   1.7e-11   30.3   3.1   2   2      0.59      0.59   -2.6   0.0    15    23   150   158   143   176 0.51 -
4+2+1+2+1.PUNUT_10.hmm-1.hmm
temp                 -             55 temp                 -            184   1.7e-11   30.3   3.1   1   2   2.7e-11   2.7e-11   29.7   1.4    35    55     1    21     1    21 0.97 -
temp                 -             55 temp                 -            184   1.7e-11   30.3   3.1   2   2      0.59      0.59   -2.6   0.0    15    23   150   158   143   176 0.51 -
4+2+2+2+0.PUNUT_10.hmm-1.hmm
temp                 -             55 temp                 -            184   1.7e-11   30.3   3.1   1   2   2.7e-11   2.7e-11   29.7   1.4    35    55     1    21     1    21 0.97 -
temp                 -             55 temp                 -            184   1.7e-11   30.3   3.1   2   2      0.59      0.59   -2.6   0.0    15    23   150   158   143   176 0.51 -
4+3+0+3+0.PUNUT_10.hmm-1.hmm
temp                 -             95 temp                 -            184   7.4e-38  115.0   5.2   1   1   1.8e-37   1.8e-37  113.8   5.2    35    95     1    61     1    61 0.99 -
5+2+0+2+1.PUNUT_10.hmm-1.hmm
temp                 -             61 temp                 -            184   5.9e-39  116.6   5.2   1   1   1.8e-38   1.8e-38  115.0   5.2     1    61     1    61     1    61 0.99 -
5+2+1+2+0.PUNUT_10.hmm-1.hmm
temp                 -             61 temp                 -            184   5.9e-39  116.6   5.2   1   1   1.8e-38   1.8e-38  115.0   5.2     1    61     1    61     1    61 0.99 -
6+2+0+2+0.PUNUT_10.hmm-1.hmm
temp                 -             67 temp                 -            184   5.2e-43  130.0   5.9   1   2   5.2e-43   5.2e-43  130.0   5.9     1    67    41   107    41   107 0.99 -
temp                 -             67 temp                 -            184   5.2e-43  130.0   5.9   2   2     0.073     0.073    0.1   0.0     5    32   118   145   115   164 0.75 -
0+2+0+2+6.RhaT_10.hmm-1.hmm
0+2+1+2+5.RhaT_10.hmm-1.hmm
0+2+2+2+4.RhaT_10.hmm-1.hmm
0+2+3+2+3.RhaT_10.hmm-1.hmm
0+2+4+2+2.RhaT_10.hmm-1.hmm
0+2+5+2+1.RhaT_10.hmm-1.hmm
0+2+6+2+0.RhaT_10.hmm-1.hmm
0+3+0+3+4.RhaT_10.hmm-1.hmm
0+3+1+3+3.RhaT_10.hmm-1.hmm
0+3+2+3+2.RhaT_10.hmm-1.hmm
0+3+3+3+1.RhaT_10.hmm-1.hmm
0+3+4+3+0.RhaT_10.hmm-1.hmm
0+4+0+4+2.RhaT_10.hmm-1.hmm
0+4+1+4+1.RhaT_10.hmm-1.hmm
0+4+2+4+0.RhaT_10.hmm-1.hmm
0+5+0+5+0.RhaT_10.hmm-1.hmm
1+2+0+2+5.RhaT_10.hmm-1.hmm
1+2+1+2+4.RhaT_10.hmm-1.hmm
1+2+2+2+3.RhaT_10.hmm-1.hmm
1+2+3+2+2.RhaT_10.hmm-1.hmm
1+2+4+2+1.RhaT_10.hmm-1.hmm
1+2+5+2+0.RhaT_10.hmm-1.hmm
1+3+0+3+3.RhaT_10.hmm-1.hmm
1+3+1+3+2.RhaT_10.hmm-1.hmm
1+3+2+3+1.RhaT_10.hmm-1.hmm
1+3+3+3+0.RhaT_10.hmm-1.hmm
1+4+0+4+1.RhaT_10.hmm-1.hmm
1+4+1+4+0.RhaT_10.hmm-1.hmm
2+2+0+2+4.RhaT_10.hmm-1.hmm
2+2+1+2+3.RhaT_10.hmm-1.hmm
2+2+2+2+2.RhaT_10.hmm-1.hmm
2+2+3+2+1.RhaT_10.hmm-1.hmm
2+2+4+2+0.RhaT_10.hmm-1.hmm
2+3+0+3+2.RhaT_10.hmm-1.hmm
2+3+1+3+1.RhaT_10.hmm-1.hmm
2+3+2+3+0.RhaT_10.hmm-1.hmm
2+4+0+4+0.RhaT_10.hmm-1.hmm
temp                 -            123 temp                 -            175   2.3e-10   26.9   0.6   1   3   2.3e-10   2.3e-10   26.9   0.6   103   123     1    21     1    21 0.98 -
temp                 -            123 temp                 -            175   2.3e-10   26.9   0.6   2   3     0.053     0.053   -0.0   0.1    83   109    62    87    39   101 0.58 -
temp                 -            123 temp                 -            175   2.3e-10   26.9   0.6   3   3      0.12      0.12   -1.2   0.1    85   110   138   163   119   173 0.58 -
3+2+0+2+3.RhaT_10.hmm-1.hmm
3+2+1+2+2.RhaT_10.hmm-1.hmm
3+2+2+2+1.RhaT_10.hmm-1.hmm
3+2+3+2+0.RhaT_10.hmm-1.hmm
3+3+0+3+1.RhaT_10.hmm-1.hmm
temp                 -             98 temp                 -            175   1.5e-10   27.6   0.6   1   3   1.5e-10   1.5e-10   27.6   0.6    78    98     1    21     1    21 0.98 -
temp                 -             98 temp                 -            175   1.5e-10   27.6   0.6   2   3     0.037     0.037    0.7   0.1    57    84    61    87    32   104 0.64 -
temp                 -             98 temp                 -            175   1.5e-10   27.6   0.6   3   3       0.1       0.1   -0.6   0.1    60    86   138   164   123   174 0.58 -
3+3+1+3+0.RhaT_10.hmm-1.hmm
temp                 -             98 temp                 -            175   1.5e-10   27.6   0.6   1   3   1.5e-10   1.5e-10   27.6   0.6    78    98     1    21     1    21 0.98 -
temp                 -             98 temp                 -            175   1.5e-10   27.6   0.6   2   3     0.037     0.037    0.7   0.1    57    84    61    87    32   104 0.64 -
temp                 -             98 temp                 -            175   1.5e-10   27.6   0.6   3   3       0.1       0.1   -0.6   0.1    60    86   138   164   123   174 0.58 -
4+2+0+2+2.RhaT_10.hmm-1.hmm
temp                 -             63 temp                 -            175   5.1e-11   28.8   0.6   1   3   5.1e-11   5.1e-11   28.8   0.6    43    63     1    21     1    21 0.98 -
temp                 -             63 temp                 -            175   5.1e-11   28.8   0.6   2   3     0.028     0.028    1.5   0.1    22    50    61    88    38   100 0.64 -
temp                 -             63 temp                 -            175   5.1e-11   28.8   0.6   3   3      0.06      0.06    0.4   0.1    25    57   138   171   123   174 0.61 -
4+2+1+2+1.RhaT_10.hmm-1.hmm
temp                 -             63 temp                 -            175   5.1e-11   28.8   0.6   1   3   5.1e-11   5.1e-11   28.8   0.6    43    63     1    21     1    21 0.98 -
temp                 -             63 temp                 -            175   5.1e-11   28.8   0.6   2   3     0.028     0.028    1.5   0.1    22    50    61    88    38   100 0.64 -
temp                 -             63 temp                 -            175   5.1e-11   28.8   0.6   3   3      0.06      0.06    0.4   0.1    25    57   138   171   123   174 0.61 -
4+2+2+2+0.RhaT_10.hmm-1.hmm
temp                 -             63 temp                 -            175   5.1e-11   28.8   0.6   1   3   5.1e-11   5.1e-11   28.8   0.6    43    63     1    21     1    21 0.98 -
temp                 -             63 temp                 -            175   5.1e-11   28.8   0.6   2   3     0.028     0.028    1.5   0.1    22    50    61    88    38   100 0.64 -
temp                 -             63 temp                 -            175   5.1e-11   28.8   0.6   3   3      0.06      0.06    0.4   0.1    25    57   138   171   123   174 0.61 -
4+3+0+3+0.RhaT_10.hmm-1.hmm
temp                 -            103 temp                 -            175   1.6e-38  117.1   4.6   1   3   1.6e-38   1.6e-38  117.1   4.6    43   103     1    61     1    61 0.99 -
temp                 -            103 temp                 -            175   1.6e-38  117.1   4.6   2   3      0.23      0.23   -2.0   0.0    29    50    68    88    64   100 0.64 -
temp                 -            103 temp                 -            175   1.6e-38  117.1   4.6   3   3     0.092     0.092   -0.7   0.1    25    50   138   163   123   174 0.57 -
5+2+0+2+1.RhaT_10.hmm-1.hmm
temp                 -             61 temp                 -            175   1.4e-39  118.6   4.6   1   2   1.4e-39   1.4e-39  118.6   4.6     1    61     1    61     1    61 0.99 -
temp                 -             61 temp                 -            175   1.4e-39  118.6   4.6   2   2      0.84      0.84   -3.0   0.1    46    58   160   171   150   173 0.49 -
5+2+1+2+0.RhaT_10.hmm-1.hmm
temp                 -             61 temp                 -            175   1.4e-39  118.6   4.6   1   2   1.4e-39   1.4e-39  118.6   4.6     1    61     1    61     1    61 0.99 -
temp                 -             61 temp                 -            175   1.4e-39  118.6   4.6   2   2      0.84      0.84   -3.0   0.1    46    58   160   171   150   173 0.49 -
6+2+0+2+0.RhaT_10.hmm-1.hmm
temp                 -             66 temp                 -            175   2.4e-43  131.2   2.9   1   2   2.4e-43   2.4e-43  131.2   2.9     1    66    41   106    41   106 0.99 -
temp                 -             66 temp                 -            175   2.4e-43  131.2   2.9   2   2         1         1   -3.4   0.1    58    65   121   128   118   136 0.65 -
0+2+0+2+6.Sugar_transport_10.hmm-1.hmm
0+2+1+2+5.Sugar_transport_10.hmm-1.hmm
0+2+2+2+4.Sugar_transport_10.hmm-1.hmm
0+2+3+2+3.Sugar_transport_10.hmm-1.hmm
0+2+4+2+2.Sugar_transport_10.hmm-1.hmm
0+2+5+2+1.Sugar_transport_10.hmm-1.hmm
0+2+6+2+0.Sugar_transport_10.hmm-1.hmm
0+3+0+3+4.Sugar_transport_10.hmm-1.hmm
0+3+1+3+3.Sugar_transport_10.hmm-1.hmm
0+3+2+3+2.Sugar_transport_10.hmm-1.hmm
0+3+3+3+1.Sugar_transport_10.hmm-1.hmm
0+3+4+3+0.Sugar_transport_10.hmm-1.hmm
0+4+0+4+2.Sugar_transport_10.hmm-1.hmm
0+4+1+4+1.Sugar_transport_10.hmm-1.hmm
0+4+2+4+0.Sugar_transport_10.hmm-1.hmm
0+5+0+5+0.Sugar_transport_10.hmm-1.hmm
temp                 -            137 temp                 -            142   8.2e-09   22.2  14.2   1   1   9.6e-09   9.6e-09   22.0  14.2     5   135     5   133     1   135 0.74 -
1+2+0+2+5.Sugar_transport_10.hmm-1.hmm
1+2+1+2+4.Sugar_transport_10.hmm-1.hmm
1+2+2+2+3.Sugar_transport_10.hmm-1.hmm
1+2+3+2+2.Sugar_transport_10.hmm-1.hmm
1+2+4+2+1.Sugar_transport_10.hmm-1.hmm
1+2+5+2+0.Sugar_transport_10.hmm-1.hmm
1+3+0+3+3.Sugar_transport_10.hmm-1.hmm
1+3+1+3+2.Sugar_transport_10.hmm-1.hmm
1+3+2+3+1.Sugar_transport_10.hmm-1.hmm
1+3+3+3+0.Sugar_transport_10.hmm-1.hmm
1+4+0+4+1.Sugar_transport_10.hmm-1.hmm
temp                 -            107 temp                 -            142   2.5e-08   20.8  10.9   1   1   2.9e-08   2.9e-08   20.6  10.2     2   105    37   133    33   135 0.80 -
1+4+1+4+0.Sugar_transport_10.hmm-1.hmm
temp                 -            107 temp                 -            142   2.5e-08   20.8  10.9   1   1   2.9e-08   2.9e-08   20.6  10.2     2   105    37   133    33   135 0.80 -
2+2+0+2+4.Sugar_transport_10.hmm-1.hmm
2+2+1+2+3.Sugar_transport_10.hmm-1.hmm
2+2+2+2+2.Sugar_transport_10.hmm-1.hmm
2+2+3+2+1.Sugar_transport_10.hmm-1.hmm
2+2+4+2+0.Sugar_transport_10.hmm-1.hmm
2+3+0+3+2.Sugar_transport_10.hmm-1.hmm
temp                 -             81 temp                 -            142   2.8e-07   17.6  11.7   1   2    0.0076    0.0076    3.5   0.2    22    51    21    49     4    61 0.75 -
temp                 -             81 temp                 -            142   2.8e-07   17.6  11.7   2   2   4.1e-07   4.1e-07   17.1   6.9     8    79    63   133    53   135 0.90 -
2+3+1+3+1.Sugar_transport_10.hmm-1.hmm
temp                 -             81 temp                 -            142   2.8e-07   17.6  11.7   1   2    0.0076    0.0076    3.5   0.2    22    51    21    49     4    61 0.75 -
temp                 -             81 temp                 -            142   2.8e-07   17.6  11.7   2   2   4.1e-07   4.1e-07   17.1   6.9     8    79    63   133    53   135 0.90 -
2+3+2+3+0.Sugar_transport_10.hmm-1.hmm
temp                 -             81 temp                 -            142   2.8e-07   17.6  11.7   1   2    0.0076    0.0076    3.5   0.2    22    51    21    49     4    61 0.75 -
temp                 -             81 temp                 -            142   2.8e-07   17.6  11.7   2   2   4.1e-07   4.1e-07   17.1   6.9     8    79    63   133    53   135 0.90 -
2+4+0+4+0.Sugar_transport_10.hmm-1.hmm
temp                 -            116 temp                 -            142   9.1e-14   38.3  17.9   1   3   2.3e-10   2.3e-10   27.3   1.7    96   116     1    21     1    21 0.97 -
temp                 -            116 temp                 -            142   9.1e-14   38.3  17.9   2   3     0.041     0.041    0.7   0.0    25    51    24    49    22    62 0.78 -
temp                 -            116 temp                 -            142   9.1e-14   38.3  17.9   3   3   5.5e-07   5.5e-07   16.4   6.6     8    79    63   133    58   137 0.89 -
3+2+0+2+3.Sugar_transport_10.hmm-1.hmm
temp                 -             48 temp                 -            142   7.6e-05   10.1   6.1   1   3      0.22      0.22   -0.6   0.1    24    34    30    40     5    52 0.61 -
temp                 -             48 temp                 -            142   7.6e-05   10.1   6.1   2   3      0.61      0.61   -2.0   0.0     8    16    40    47    31    64 0.62 -
temp                 -             48 temp                 -            142   7.6e-05   10.1   6.1   3   3   2.5e-05   2.5e-05   11.6   2.1    10    46    97   133    88   135 0.87 -
3+2+1+2+2.Sugar_transport_10.hmm-1.hmm
temp                 -             48 temp                 -            142   7.6e-05   10.1   6.1   1   3      0.22      0.22   -0.6   0.1    24    34    30    40     5    52 0.61 -
temp                 -             48 temp                 -            142   7.6e-05   10.1   6.1   2   3      0.61      0.61   -2.0   0.0     8    16    40    47    31    64 0.62 -
temp                 -             48 temp                 -            142   7.6e-05   10.1   6.1   3   3   2.5e-05   2.5e-05   11.6   2.1    10    46    97   133    88   135 0.87 -
3+2+2+2+1.Sugar_transport_10.hmm-1.hmm
temp                 -             48 temp                 -            142   7.6e-05   10.1   6.1   1   3      0.22      0.22   -0.6   0.1    24    34    30    40     5    52 0.61 -
temp                 -             48 temp                 -            142   7.6e-05   10.1   6.1   2   3      0.61      0.61   -2.0   0.0     8    16    40    47    31    64 0.62 -
temp                 -             48 temp                 -            142   7.6e-05   10.1   6.1   3   3   2.5e-05   2.5e-05   11.6   2.1    10    46    97   133    88   135 0.87 -
3+2+3+2+0.Sugar_transport_10.hmm-1.hmm
temp                 -             48 temp                 -            142   7.6e-05   10.1   6.1   1   3      0.22      0.22   -0.6   0.1    24    34    30    40     5    52 0.61 -
temp                 -             48 temp                 -            142   7.6e-05   10.1   6.1   2   3      0.61      0.61   -2.0   0.0     8    16    40    47    31    64 0.62 -
temp                 -             48 temp                 -            142   7.6e-05   10.1   6.1   3   3   2.5e-05   2.5e-05   11.6   2.1    10    46    97   133    88   135 0.87 -
3+3+0+3+1.Sugar_transport_10.hmm-1.hmm
temp                 -             83 temp                 -            142   8.3e-12   31.8  13.1   1   3   1.1e-10   1.1e-10   28.2   1.7    63    83     1    21     1    21 0.97 -
temp                 -             83 temp                 -            142   8.3e-12   31.8  13.1   2   3      0.58      0.58   -2.7   0.0    33    36    39    42    28    61 0.56 -
temp                 -             83 temp                 -            142   8.3e-12   31.8  13.1   3   3     5e-05     5e-05   10.3   2.2    10    46    97   133    88   138 0.87 -
3+3+1+3+0.Sugar_transport_10.hmm-1.hmm
temp                 -             83 temp                 -            142   8.3e-12   31.8  13.1   1   3   1.1e-10   1.1e-10   28.2   1.7    63    83     1    21     1    21 0.97 -
temp                 -             83 temp                 -            142   8.3e-12   31.8  13.1   2   3      0.58      0.58   -2.7   0.0    33    36    39    42    28    61 0.56 -
temp                 -             83 temp                 -            142   8.3e-12   31.8  13.1   3   3     5e-05     5e-05   10.3   2.2    10    46    97   133    88   138 0.87 -
4+2+0+2+2.Sugar_transport_10.hmm-1.hmm
temp                 -             56 temp                 -            142   3.6e-11   29.4   1.7   1   3   3.6e-11   3.6e-11   29.4   1.7    36    56     1    21     1    21 0.97 -
temp                 -             56 temp                 -            142   3.6e-11   29.4   1.7   2   3      0.57      0.57   -2.5   0.0    35    39    93    97    75   107 0.54 -
temp                 -             56 temp                 -            142   3.6e-11   29.4   1.7   3   3     0.027     0.027    1.6   1.3     4    19   118   133   113   138 0.76 -
4+2+1+2+1.Sugar_transport_10.hmm-1.hmm
temp                 -             56 temp                 -            142   3.6e-11   29.4   1.7   1   3   3.6e-11   3.6e-11   29.4   1.7    36    56     1    21     1    21 0.97 -
temp                 -             56 temp                 -            142   3.6e-11   29.4   1.7   2   3      0.57      0.57   -2.5   0.0    35    39    93    97    75   107 0.54 -
temp                 -             56 temp                 -            142   3.6e-11   29.4   1.7   3   3     0.027     0.027    1.6   1.3     4    19   118   133   113   138 0.76 -
4+2+2+2+0.Sugar_transport_10.hmm-1.hmm
temp                 -             56 temp                 -            142   3.6e-11   29.4   1.7   1   3   3.6e-11   3.6e-11   29.4   1.7    36    56     1    21     1    21 0.97 -
temp                 -             56 temp                 -            142   3.6e-11   29.4   1.7   2   3      0.57      0.57   -2.5   0.0    35    39    93    97    75   107 0.54 -
temp                 -             56 temp                 -            142   3.6e-11   29.4   1.7   3   3     0.027     0.027    1.6   1.3     4    19   118   133   113   138 0.76 -
4+3+0+3+0.Sugar_transport_10.hmm-1.hmm
temp                 -             84 temp                 -            142   8.6e-31   92.0   3.3   1   2   8.6e-31   8.6e-31   92.0   3.3    36    84     1    49     1    49 0.99 -
temp                 -             84 temp                 -            142   8.6e-31   92.0   3.3   2   2     0.041     0.041    0.6   1.2     4    19   118   133   113   138 0.74 -
5+2+0+2+1.Sugar_transport_10.hmm-1.hmm
temp                 -             49 temp                 -            142   6.9e-32   93.6   3.3   1   2   6.9e-32   6.9e-32   93.6   3.3     1    49     1    49     1    49 0.99 -
temp                 -             49 temp                 -            142   6.9e-32   93.6   3.3   2   2      0.21      0.21   -1.1   0.6    38    44   125   131    95   136 0.62 -
5+2+1+2+0.Sugar_transport_10.hmm-1.hmm
temp                 -             49 temp                 -            142   6.9e-32   93.6   3.3   1   2   6.9e-32   6.9e-32   93.6   3.3     1    49     1    49     1    49 0.99 -
temp                 -             49 temp                 -            142   6.9e-32   93.6   3.3   2   2      0.21      0.21   -1.1   0.6    38    44   125   131    95   136 0.62 -
6+2+0+2+0.Sugar_transport_10.hmm-1.hmm
temp                 -             52 temp                 -            142   6.6e-36  106.7   3.6   1   2   6.6e-36   6.6e-36  106.7   3.6     1    52    29    80    29    80 0.99 -
temp                 -             52 temp                 -            142   6.6e-36  106.7   3.6   2   2      0.24      0.24   -1.4   0.3    11    19   126   134   116   139 0.62 -
0+2+0+2+6.TPT_10.hmm-1.hmm
0+2+1+2+5.TPT_10.hmm-1.hmm
0+2+2+2+4.TPT_10.hmm-1.hmm
0+2+3+2+3.TPT_10.hmm-1.hmm
0+2+4+2+2.TPT_10.hmm-1.hmm
0+2+5+2+1.TPT_10.hmm-1.hmm
0+2+6+2+0.TPT_10.hmm-1.hmm
0+3+0+3+4.TPT_10.hmm-1.hmm
0+3+1+3+3.TPT_10.hmm-1.hmm
0+3+2+3+2.TPT_10.hmm-1.hmm
0+3+3+3+1.TPT_10.hmm-1.hmm
0+3+4+3+0.TPT_10.hmm-1.hmm
0+4+0+4+2.TPT_10.hmm-1.hmm
0+4+1+4+1.TPT_10.hmm-1.hmm
0+4+2+4+0.TPT_10.hmm-1.hmm
0+5+0+5+0.TPT_10.hmm-1.hmm
1+2+0+2+5.TPT_10.hmm-1.hmm
1+2+1+2+4.TPT_10.hmm-1.hmm
1+2+2+2+3.TPT_10.hmm-1.hmm
1+2+3+2+2.TPT_10.hmm-1.hmm
1+2+4+2+1.TPT_10.hmm-1.hmm
1+2+5+2+0.TPT_10.hmm-1.hmm
1+3+0+3+3.TPT_10.hmm-1.hmm
1+3+1+3+2.TPT_10.hmm-1.hmm
1+3+2+3+1.TPT_10.hmm-1.hmm
1+3+3+3+0.TPT_10.hmm-1.hmm
1+4+0+4+1.TPT_10.hmm-1.hmm
1+4+1+4+0.TPT_10.hmm-1.hmm
2+2+0+2+4.TPT_10.hmm-1.hmm
2+2+1+2+3.TPT_10.hmm-1.hmm
2+2+2+2+2.TPT_10.hmm-1.hmm
2+2+3+2+1.TPT_10.hmm-1.hmm
2+2+4+2+0.TPT_10.hmm-1.hmm
2+3+0+3+2.TPT_10.hmm-1.hmm
2+3+1+3+1.TPT_10.hmm-1.hmm
2+3+2+3+0.TPT_10.hmm-1.hmm
2+4+0+4+0.TPT_10.hmm-1.hmm
temp                 -            101 temp                 -            196   2.2e-10   27.5   0.9   1   3   2.2e-10   2.2e-10   27.5   0.9    81   101     1    21     1    21 0.98 -
temp                 -            101 temp                 -            196   2.2e-10   27.5   0.9   2   3      0.17      0.17   -1.0   0.2    61    61    87    87    34   121 0.61 -
temp                 -            101 temp                 -            196   2.2e-10   27.5   0.9   3   3       0.1       0.1   -0.3   0.3    43    43   117   117    55   149 0.62 -
3+2+0+2+3.TPT_10.hmm-1.hmm
3+2+1+2+2.TPT_10.hmm-1.hmm
3+2+2+2+1.TPT_10.hmm-1.hmm
3+2+3+2+0.TPT_10.hmm-1.hmm
3+3+0+3+1.TPT_10.hmm-1.hmm
temp                 -             77 temp                 -            196   1.1e-10   28.3   0.9   1   3   1.1e-10   1.1e-10   28.3   0.9    57    77     1    21     1    21 0.98 -
temp                 -             77 temp                 -            196   1.1e-10   28.3   0.9   2   3      0.23      0.23   -1.2   0.1    46    58    95   107    57   123 0.63 -
temp                 -             77 temp                 -            196   1.1e-10   28.3   0.9   3   3     0.095     0.095    0.0   0.1    53    60   128   135    71   149 0.64 -
3+3+1+3+0.TPT_10.hmm-1.hmm
temp                 -             77 temp                 -            196   1.1e-10   28.3   0.9   1   3   1.1e-10   1.1e-10   28.3   0.9    57    77     1    21     1    21 0.98 -
temp                 -             77 temp                 -            196   1.1e-10   28.3   0.9   2   3      0.23      0.23   -1.2   0.1    46    58    95   107    57   123 0.63 -
temp                 -             77 temp                 -            196   1.1e-10   28.3   0.9   3   3     0.095     0.095    0.0   0.1    53    60   128   135    71   149 0.64 -
4+2+0+2+2.TPT_10.hmm-1.hmm
temp                 -             48 temp                 -            196   1.3e-11   30.6   4.4   1   3   2.7e-11   2.7e-11   29.6   0.9    28    48     1    21     1    21 0.98 -
temp                 -             48 temp                 -            196   1.3e-11   30.6   4.4   2   3      0.18      0.18   -0.6   0.0    16    31    94   109    73   122 0.64 -
temp                 -             48 temp                 -            196   1.3e-11   30.6   4.4   3   3      0.12      0.12   -0.1   0.0    25    37   129   141   122   149 0.73 -
4+2+1+2+1.TPT_10.hmm-1.hmm
temp                 -             48 temp                 -            196   1.3e-11   30.6   4.4   1   3   2.7e-11   2.7e-11   29.6   0.9    28    48     1    21     1    21 0.98 -
temp                 -             48 temp                 -            196   1.3e-11   30.6   4.4   2   3      0.18      0.18   -0.6   0.0    16    31    94   109    73   122 0.64 -
temp                 -             48 temp                 -            196   1.3e-11   30.6   4.4   3   3      0.12      0.12   -0.1   0.0    25    37   129   141   122   149 0.73 -
4+2+2+2+0.TPT_10.hmm-1.hmm
temp                 -             48 temp                 -            196   1.3e-11   30.6   4.4   1   3   2.7e-11   2.7e-11   29.6   0.9    28    48     1    21     1    21 0.98 -
temp                 -             48 temp                 -            196   1.3e-11   30.6   4.4   2   3      0.18      0.18   -0.6   0.0    16    31    94   109    73   122 0.64 -
temp                 -             48 temp                 -            196   1.3e-11   30.6   4.4   3   3      0.12      0.12   -0.1   0.0    25    37   129   141   122   149 0.73 -
4+3+0+3+0.TPT_10.hmm-1.hmm
temp                 -             83 temp                 -            196   4.2e-35  106.1   3.8   1   2   4.2e-35   4.2e-35  106.1   3.8    28    83     1    56     1    56 0.99 -
temp                 -             83 temp                 -            196   4.2e-35  106.1   3.8   2   2      0.11      0.11   -0.2   0.2    21    21   125   125    73   149 0.62 -
5+2+0+2+1.TPT_10.hmm-1.hmm
temp                 -             56 temp                 -            196   1.9e-36  108.9   3.8   1   1   6.5e-36   6.5e-36  107.2   3.8     1    56     1    56     1    56 0.99 -
5+2+1+2+0.TPT_10.hmm-1.hmm
temp                 -             56 temp                 -            196   1.9e-36  108.9   3.8   1   1   6.5e-36   6.5e-36  107.2   3.8     1    56     1    56     1    56 0.99 -
6+2+0+2+0.TPT_10.hmm-1.hmm
temp                 -             59 temp                 -            196   1.7e-36  109.0  10.6   1   2   1.7e-36   1.7e-36  109.0  10.6     1    59    36    94    36    94 0.99 -
temp                 -             59 temp                 -            196   1.7e-36  109.0  10.6   2   2      0.15      0.15   -0.6   0.1    28    38   120   130   102   145 0.58 -
0+2+0+2+6.UAA_10.hmm-1.hmm
0+2+1+2+5.UAA_10.hmm-1.hmm
0+2+2+2+4.UAA_10.hmm-1.hmm
0+2+3+2+3.UAA_10.hmm-1.hmm
0+2+4+2+2.UAA_10.hmm-1.hmm
0+2+5+2+1.UAA_10.hmm-1.hmm
0+2+6+2+0.UAA_10.hmm-1.hmm
0+3+0+3+4.UAA_10.hmm-1.hmm
0+3+1+3+3.UAA_10.hmm-1.hmm
0+3+2+3+2.UAA_10.hmm-1.hmm
0+3+3+3+1.UAA_10.hmm-1.hmm
0+3+4+3+0.UAA_10.hmm-1.hmm
0+4+0+4+2.UAA_10.hmm-1.hmm
0+4+1+4+1.UAA_10.hmm-1.hmm
0+4+2+4+0.UAA_10.hmm-1.hmm
0+5+0+5+0.UAA_10.hmm-1.hmm
1+2+0+2+5.UAA_10.hmm-1.hmm
1+2+1+2+4.UAA_10.hmm-1.hmm
1+2+2+2+3.UAA_10.hmm-1.hmm
1+2+3+2+2.UAA_10.hmm-1.hmm
1+2+4+2+1.UAA_10.hmm-1.hmm
1+2+5+2+0.UAA_10.hmm-1.hmm
1+3+0+3+3.UAA_10.hmm-1.hmm
1+3+1+3+2.UAA_10.hmm-1.hmm
1+3+2+3+1.UAA_10.hmm-1.hmm
1+3+3+3+0.UAA_10.hmm-1.hmm
1+4+0+4+1.UAA_10.hmm-1.hmm
1+4+1+4+0.UAA_10.hmm-1.hmm
2+2+0+2+4.UAA_10.hmm-1.hmm
2+2+1+2+3.UAA_10.hmm-1.hmm
2+2+2+2+2.UAA_10.hmm-1.hmm
2+2+3+2+1.UAA_10.hmm-1.hmm
2+2+4+2+0.UAA_10.hmm-1.hmm
2+3+0+3+2.UAA_10.hmm-1.hmm
2+3+1+3+1.UAA_10.hmm-1.hmm
2+3+2+3+0.UAA_10.hmm-1.hmm
2+4+0+4+0.UAA_10.hmm-1.hmm
temp                 -            119 temp                 -            167   9.8e-12   31.5   8.5   1   2   1.2e-11   1.2e-11   31.2   1.2    99   119     1    21     1    21 0.97 -
temp                 -            119 temp                 -            167   9.8e-12   31.5   8.5   2   2    0.0034    0.0034    3.9   1.0    24    69    99   144    80   154 0.75 -
3+2+0+2+3.UAA_10.hmm-1.hmm
3+2+1+2+2.UAA_10.hmm-1.hmm
3+2+2+2+1.UAA_10.hmm-1.hmm
3+2+3+2+0.UAA_10.hmm-1.hmm
3+3+0+3+1.UAA_10.hmm-1.hmm
temp                 -             93 temp                 -            167   7.2e-12   31.9   1.2   1   3   7.2e-12   7.2e-12   31.9   1.2    73    93     1    21     1    21 0.97 -
temp                 -             93 temp                 -            167   7.2e-12   31.9   1.2   2   3      0.19      0.19   -1.4   0.0    45    71    79   105    72   112 0.62 -
temp                 -             93 temp                 -            167   7.2e-12   31.9   1.2   3   3    0.0051    0.0051    3.6   0.4     4    44   105   145   102   154 0.72 -
3+3+1+3+0.UAA_10.hmm-1.hmm
temp                 -             93 temp                 -            167   7.2e-12   31.9   1.2   1   3   7.2e-12   7.2e-12   31.9   1.2    73    93     1    21     1    21 0.97 -
temp                 -             93 temp                 -            167   7.2e-12   31.9   1.2   2   3      0.19      0.19   -1.4   0.0    45    71    79   105    72   112 0.62 -
temp                 -             93 temp                 -            167   7.2e-12   31.9   1.2   3   3    0.0051    0.0051    3.6   0.4     4    44   105   145   102   154 0.72 -
4+2+0+2+2.UAA_10.hmm-1.hmm
temp                 -             68 temp                 -            167     3e-12   32.8   1.2   1   3     3e-12     3e-12   32.8   1.2    48    68     1    21     1    21 0.97 -
temp                 -             68 temp                 -            167     3e-12   32.8   1.2   2   3      0.72      0.72   -3.1   0.0    11    13    46    48    34    61 0.52 -
temp                 -             68 temp                 -            167     3e-12   32.8   1.2   3   3     0.055     0.055    0.5   0.1    20    50    79   109    71   139 0.69 -
4+2+1+2+1.UAA_10.hmm-1.hmm
temp                 -             68 temp                 -            167     3e-12   32.8   1.2   1   3     3e-12     3e-12   32.8   1.2    48    68     1    21     1    21 0.97 -
temp                 -             68 temp                 -            167     3e-12   32.8   1.2   2   3      0.72      0.72   -3.1   0.0    11    13    46    48    34    61 0.52 -
temp                 -             68 temp                 -            167     3e-12   32.8   1.2   3   3     0.055     0.055    0.5   0.1    20    50    79   109    71   139 0.69 -
4+2+2+2+0.UAA_10.hmm-1.hmm
temp                 -             68 temp                 -            167     3e-12   32.8   1.2   1   3     3e-12     3e-12   32.8   1.2    48    68     1    21     1    21 0.97 -
temp                 -             68 temp                 -            167     3e-12   32.8   1.2   2   3      0.72      0.72   -3.1   0.0    11    13    46    48    34    61 0.52 -
temp                 -             68 temp                 -            167     3e-12   32.8   1.2   3   3     0.055     0.055    0.5   0.1    20    50    79   109    71   139 0.69 -
4+3+0+3+0.UAA_10.hmm-1.hmm
temp                 -            102 temp                 -            167   4.8e-36  109.5   1.7   1   2   4.8e-36   4.8e-36  109.5   1.7    48   102     1    55     1    55 0.99 -
temp                 -            102 temp                 -            167   4.8e-36  109.5   1.7   2   2     0.074     0.074   -0.1   0.1    22    51    81   110    72   140 0.63 -
5+2+0+2+1.UAA_10.hmm-1.hmm
temp                 -             55 temp                 -            167   2.4e-37  111.2   1.7   1   3   2.4e-37   2.4e-37  111.2   1.7     1    55     1    55     1    55 0.99 -
temp                 -             55 temp                 -            167   2.4e-37  111.2   1.7   2   3       0.4       0.4   -1.5   0.0    24    34    96   106    78   125 0.58 -
temp                 -             55 temp                 -            167   2.4e-37  111.2   1.7   3   3      0.36      0.36   -1.4   0.0    31    31   122   122    93   146 0.59 -
5+2+1+2+0.UAA_10.hmm-1.hmm
temp                 -             55 temp                 -            167   2.4e-37  111.2   1.7   1   3   2.4e-37   2.4e-37  111.2   1.7     1    55     1    55     1    55 0.99 -
temp                 -             55 temp                 -            167   2.4e-37  111.2   1.7   2   3       0.4       0.4   -1.5   0.0    24    34    96   106    78   125 0.58 -
temp                 -             55 temp                 -            167   2.4e-37  111.2   1.7   3   3      0.36      0.36   -1.4   0.0    31    31   122   122    93   146 0.59 -
6+2+0+2+0.UAA_10.hmm-1.hmm
temp                 -             58 temp                 -            167   9.6e-39  115.3   0.8   1   1     2e-38     2e-38  114.2   0.8     1    58    35    92    35    92 0.99 -
0+2+0+2+2.Zip_6.hmm-1.hmm
0+2+1+2+1.Zip_6.hmm-1.hmm
0+2+2+2+0.Zip_6.hmm-1.hmm
0+3+0+3+0.Zip_6.hmm-1.hmm
1+2+0+2+1.Zip_6.hmm-1.hmm
1+2+1+2+0.Zip_6.hmm-1.hmm
2+2+0+2+0.Zip_6.hmm-1.hmm
temp                 -            129 temp                 -            134   7.5e-11   28.5   0.1   1   1   1.3e-10   1.3e-10   27.7   0.1   109   129     1    21     1    21 0.97 -
0+2+0+2+4.Zip_8.hmm-1.hmm
0+2+1+2+3.Zip_8.hmm-1.hmm
0+2+2+2+2.Zip_8.hmm-1.hmm
0+2+3+2+1.Zip_8.hmm-1.hmm
0+2+4+2+0.Zip_8.hmm-1.hmm
0+3+0+3+2.Zip_8.hmm-1.hmm
0+3+1+3+1.Zip_8.hmm-1.hmm
0+3+2+3+0.Zip_8.hmm-1.hmm
0+4+0+4+0.Zip_8.hmm-1.hmm
1+2+0+2+3.Zip_8.hmm-1.hmm
1+2+1+2+2.Zip_8.hmm-1.hmm
1+2+2+2+1.Zip_8.hmm-1.hmm
1+2+3+2+0.Zip_8.hmm-1.hmm
1+3+0+3+1.Zip_8.hmm-1.hmm
1+3+1+3+0.Zip_8.hmm-1.hmm
2+2+0+2+2.Zip_8.hmm-1.hmm
2+2+1+2+1.Zip_8.hmm-1.hmm
2+2+2+2+0.Zip_8.hmm-1.hmm
2+3+0+3+0.Zip_8.hmm-1.hmm
temp                 -            182 temp                 -            252   5.4e-08   19.3   4.4   1   2   5.4e-08   5.4e-08   19.3   4.4   162   182     1    21     1    21 0.97 -
temp                 -            182 temp                 -            252   5.4e-08   19.3   4.4   2   2      0.09      0.09   -1.0   0.1   125   125   129   129    92   191 0.57 -
3+2+0+2+1.Zip_8.hmm-1.hmm
temp                 -            160 temp                 -            252   4.6e-08   19.6   4.4   1   2   4.6e-08   4.6e-08   19.6   4.4   140   160     1    21     1    21 0.97 -
temp                 -            160 temp                 -            252   4.6e-08   19.6   4.4   2   2     0.077     0.077   -0.5   0.1   106   106   132   132    92   194 0.57 -
3+2+1+2+0.Zip_8.hmm-1.hmm
temp                 -            160 temp                 -            252   4.6e-08   19.6   4.4   1   2   4.6e-08   4.6e-08   19.6   4.4   140   160     1    21     1    21 0.97 -
temp                 -            160 temp                 -            252   4.6e-08   19.6   4.4   2   2     0.077     0.077   -0.5   0.1   106   106   132   132    92   194 0.57 -
4+2+0+2+0.Zip_8.hmm-1.hmm
temp                 -             43 temp                 -            252   2.1e-25   72.9   5.6   1   2   2.1e-25   2.1e-25   72.9   5.6     1    43     1    43     1    43 0.99 -
temp                 -             43 temp                 -            252   2.1e-25   72.9   5.6   2   2     0.045     0.045    1.4   0.2    16    25   221   230   208   246 0.64 -
